0 info it worked if it ends with ok
1 verbose cli [ 'c:\\Program Files\\nodejs\\node.exe',
1 verbose cli   'c:\\Program Files\\nodejs\\node_modules\\npm\\bin\\npm-cli.js',
1 verbose cli   'install',
1 verbose cli   '--quiet',
1 verbose cli   '--production' ]
2 info using npm@2.14.7
3 info using node@v4.2.1
4 verbose readDependencies loading dependencies from c:\Users\joji\Desktop\discover\package.json
5 warn package.json chat@0.0.0 No description
6 warn package.json chat@0.0.0 No repository field.
7 warn package.json chat@0.0.0 No license field.
8 verbose install where, deps [ 'c:\\Users\\joji\\Desktop\\discover',
8 verbose install   [ 'body-parser',
8 verbose install     'cookie-parser',
8 verbose install     'debug',
8 verbose install     'express',
8 verbose install     'jade',
8 verbose install     'morgan',
8 verbose install     'serve-favicon',
8 verbose install     'socket.io',
8 verbose install     'mongodb' ] ]
9 verbose install where, peers [ 'c:\\Users\\joji\\Desktop\\discover', [] ]
10 verbose installManyTop reading for lifecycle c:\Users\joji\Desktop\discover\package.json
11 info preinstall chat@0.0.0
12 verbose readDependencies loading dependencies from c:\Users\joji\Desktop\discover\package.json
13 silly cache add args [ 'body-parser@~1.13.2', null ]
14 verbose cache add spec body-parser@~1.13.2
15 silly cache add args [ 'cookie-parser@~1.3.5', null ]
16 verbose cache add spec cookie-parser@~1.3.5
17 silly cache add parsed spec Result {
17 silly cache add   raw: 'body-parser@~1.13.2',
17 silly cache add   scope: null,
17 silly cache add   name: 'body-parser',
17 silly cache add   rawSpec: '~1.13.2',
17 silly cache add   spec: '>=1.13.2 <1.14.0',
17 silly cache add   type: 'range' }
18 silly addNamed body-parser@>=1.13.2 <1.14.0
19 verbose addNamed ">=1.13.2 <1.14.0" is a valid semver range for body-parser
20 silly addNameRange { name: 'body-parser',
20 silly addNameRange   range: '>=1.13.2 <1.14.0',
20 silly addNameRange   hasData: false }
21 silly mapToRegistry name body-parser
22 silly mapToRegistry using default registry
23 silly mapToRegistry registry https://registry.npmjs.org/
24 silly mapToRegistry uri https://registry.npmjs.org/body-parser
25 verbose addNameRange registry:https://registry.npmjs.org/body-parser not in flight; fetching
26 silly cache add parsed spec Result {
26 silly cache add   raw: 'cookie-parser@~1.3.5',
26 silly cache add   scope: null,
26 silly cache add   name: 'cookie-parser',
26 silly cache add   rawSpec: '~1.3.5',
26 silly cache add   spec: '>=1.3.5 <1.4.0',
26 silly cache add   type: 'range' }
27 silly addNamed cookie-parser@>=1.3.5 <1.4.0
28 verbose addNamed ">=1.3.5 <1.4.0" is a valid semver range for cookie-parser
29 silly addNameRange { name: 'cookie-parser',
29 silly addNameRange   range: '>=1.3.5 <1.4.0',
29 silly addNameRange   hasData: false }
30 silly mapToRegistry name cookie-parser
31 silly mapToRegistry using default registry
32 silly mapToRegistry registry https://registry.npmjs.org/
33 silly mapToRegistry uri https://registry.npmjs.org/cookie-parser
34 verbose addNameRange registry:https://registry.npmjs.org/cookie-parser not in flight; fetching
35 silly cache add args [ 'debug@~2.2.0', null ]
36 verbose cache add spec debug@~2.2.0
37 silly cache add parsed spec Result {
37 silly cache add   raw: 'debug@~2.2.0',
37 silly cache add   scope: null,
37 silly cache add   name: 'debug',
37 silly cache add   rawSpec: '~2.2.0',
37 silly cache add   spec: '>=2.2.0 <2.3.0',
37 silly cache add   type: 'range' }
38 silly addNamed debug@>=2.2.0 <2.3.0
39 verbose addNamed ">=2.2.0 <2.3.0" is a valid semver range for debug
40 silly addNameRange { name: 'debug', range: '>=2.2.0 <2.3.0', hasData: false }
41 silly mapToRegistry name debug
42 silly mapToRegistry using default registry
43 silly mapToRegistry registry https://registry.npmjs.org/
44 silly mapToRegistry uri https://registry.npmjs.org/debug
45 verbose addNameRange registry:https://registry.npmjs.org/debug not in flight; fetching
46 silly cache add args [ 'express@~4.13.1', null ]
47 verbose cache add spec express@~4.13.1
48 silly cache add parsed spec Result {
48 silly cache add   raw: 'express@~4.13.1',
48 silly cache add   scope: null,
48 silly cache add   name: 'express',
48 silly cache add   rawSpec: '~4.13.1',
48 silly cache add   spec: '>=4.13.1 <4.14.0',
48 silly cache add   type: 'range' }
49 silly addNamed express@>=4.13.1 <4.14.0
50 verbose addNamed ">=4.13.1 <4.14.0" is a valid semver range for express
51 silly addNameRange { name: 'express', range: '>=4.13.1 <4.14.0', hasData: false }
52 silly mapToRegistry name express
53 silly mapToRegistry using default registry
54 silly mapToRegistry registry https://registry.npmjs.org/
55 silly mapToRegistry uri https://registry.npmjs.org/express
56 verbose addNameRange registry:https://registry.npmjs.org/express not in flight; fetching
57 silly cache add args [ 'jade@~1.11.0', null ]
58 verbose cache add spec jade@~1.11.0
59 silly cache add parsed spec Result {
59 silly cache add   raw: 'jade@~1.11.0',
59 silly cache add   scope: null,
59 silly cache add   name: 'jade',
59 silly cache add   rawSpec: '~1.11.0',
59 silly cache add   spec: '>=1.11.0 <1.12.0',
59 silly cache add   type: 'range' }
60 silly addNamed jade@>=1.11.0 <1.12.0
61 verbose addNamed ">=1.11.0 <1.12.0" is a valid semver range for jade
62 silly addNameRange { name: 'jade', range: '>=1.11.0 <1.12.0', hasData: false }
63 silly mapToRegistry name jade
64 silly mapToRegistry using default registry
65 silly mapToRegistry registry https://registry.npmjs.org/
66 silly mapToRegistry uri https://registry.npmjs.org/jade
67 verbose addNameRange registry:https://registry.npmjs.org/jade not in flight; fetching
68 silly cache add args [ 'morgan@~1.6.1', null ]
69 verbose cache add spec morgan@~1.6.1
70 silly cache add parsed spec Result {
70 silly cache add   raw: 'morgan@~1.6.1',
70 silly cache add   scope: null,
70 silly cache add   name: 'morgan',
70 silly cache add   rawSpec: '~1.6.1',
70 silly cache add   spec: '>=1.6.1 <1.7.0',
70 silly cache add   type: 'range' }
71 silly addNamed morgan@>=1.6.1 <1.7.0
72 verbose addNamed ">=1.6.1 <1.7.0" is a valid semver range for morgan
73 silly addNameRange { name: 'morgan', range: '>=1.6.1 <1.7.0', hasData: false }
74 silly mapToRegistry name morgan
75 silly mapToRegistry using default registry
76 silly mapToRegistry registry https://registry.npmjs.org/
77 silly mapToRegistry uri https://registry.npmjs.org/morgan
78 verbose addNameRange registry:https://registry.npmjs.org/morgan not in flight; fetching
79 silly cache add args [ 'serve-favicon@~2.3.0', null ]
80 verbose cache add spec serve-favicon@~2.3.0
81 silly cache add parsed spec Result {
81 silly cache add   raw: 'serve-favicon@~2.3.0',
81 silly cache add   scope: null,
81 silly cache add   name: 'serve-favicon',
81 silly cache add   rawSpec: '~2.3.0',
81 silly cache add   spec: '>=2.3.0 <2.4.0',
81 silly cache add   type: 'range' }
82 silly addNamed serve-favicon@>=2.3.0 <2.4.0
83 verbose addNamed ">=2.3.0 <2.4.0" is a valid semver range for serve-favicon
84 silly addNameRange { name: 'serve-favicon',
84 silly addNameRange   range: '>=2.3.0 <2.4.0',
84 silly addNameRange   hasData: false }
85 silly mapToRegistry name serve-favicon
86 silly mapToRegistry using default registry
87 silly mapToRegistry registry https://registry.npmjs.org/
88 silly mapToRegistry uri https://registry.npmjs.org/serve-favicon
89 verbose addNameRange registry:https://registry.npmjs.org/serve-favicon not in flight; fetching
90 silly cache add args [ 'socket.io@^1.3.7', null ]
91 verbose cache add spec socket.io@^1.3.7
92 silly cache add parsed spec Result {
92 silly cache add   raw: 'socket.io@^1.3.7',
92 silly cache add   scope: null,
92 silly cache add   name: 'socket.io',
92 silly cache add   rawSpec: '^1.3.7',
92 silly cache add   spec: '>=1.3.7 <2.0.0',
92 silly cache add   type: 'range' }
93 silly addNamed socket.io@>=1.3.7 <2.0.0
94 verbose addNamed ">=1.3.7 <2.0.0" is a valid semver range for socket.io
95 silly addNameRange { name: 'socket.io', range: '>=1.3.7 <2.0.0', hasData: false }
96 silly mapToRegistry name socket.io
97 silly mapToRegistry using default registry
98 silly mapToRegistry registry https://registry.npmjs.org/
99 silly mapToRegistry uri https://registry.npmjs.org/socket.io
100 verbose addNameRange registry:https://registry.npmjs.org/socket.io not in flight; fetching
101 silly cache add args [ 'mongodb@^3.0.7', null ]
102 verbose cache add spec mongodb@^3.0.7
103 silly cache add parsed spec Result {
103 silly cache add   raw: 'mongodb@^3.0.7',
103 silly cache add   scope: null,
103 silly cache add   name: 'mongodb',
103 silly cache add   rawSpec: '^3.0.7',
103 silly cache add   spec: '>=3.0.7 <4.0.0',
103 silly cache add   type: 'range' }
104 silly addNamed mongodb@>=3.0.7 <4.0.0
105 verbose addNamed ">=3.0.7 <4.0.0" is a valid semver range for mongodb
106 silly addNameRange { name: 'mongodb', range: '>=3.0.7 <4.0.0', hasData: false }
107 silly mapToRegistry name mongodb
108 silly mapToRegistry using default registry
109 silly mapToRegistry registry https://registry.npmjs.org/
110 silly mapToRegistry uri https://registry.npmjs.org/mongodb
111 verbose addNameRange registry:https://registry.npmjs.org/mongodb not in flight; fetching
112 verbose request uri https://registry.npmjs.org/cookie-parser
113 verbose request no auth needed
114 info attempt registry request try #1 at 4:41:27 PM
115 verbose request id f7cf3705b76cf5af
116 verbose etag "75L4BXUCQOB9UTAYPP1B633IL"
117 http request GET https://registry.npmjs.org/cookie-parser
118 verbose request uri https://registry.npmjs.org/body-parser
119 verbose request no auth needed
120 info attempt registry request try #1 at 4:41:27 PM
121 verbose etag "6ORFQSCSN8RYJKZ8OSGDXQ1C9"
122 http request GET https://registry.npmjs.org/body-parser
123 verbose request uri https://registry.npmjs.org/morgan
124 verbose request no auth needed
125 info attempt registry request try #1 at 4:41:27 PM
126 verbose etag "4XUYK78AX6OPW2P3IXCSVOVFR"
127 http request GET https://registry.npmjs.org/morgan
128 verbose request uri https://registry.npmjs.org/serve-favicon
129 verbose request no auth needed
130 info attempt registry request try #1 at 4:41:27 PM
131 verbose etag "GQLNFYPZ2Z06DI9P02T5ZAWV"
132 http request GET https://registry.npmjs.org/serve-favicon
133 verbose request uri https://registry.npmjs.org/jade
134 verbose request no auth needed
135 info attempt registry request try #1 at 4:41:27 PM
136 verbose etag "ANEZLK43VMC3D2E8O9LV3MMFI"
137 http request GET https://registry.npmjs.org/jade
138 verbose request uri https://registry.npmjs.org/socket.io
139 verbose request no auth needed
140 info attempt registry request try #1 at 4:41:27 PM
141 verbose etag "6P8YL0YRD82PZ6Q3F8TPNAN34"
142 http request GET https://registry.npmjs.org/socket.io
143 verbose request uri https://registry.npmjs.org/express
144 verbose request no auth needed
145 info attempt registry request try #1 at 4:41:27 PM
146 verbose etag "2LM17AJ5OD4SY17TI28CWQBYY"
147 http request GET https://registry.npmjs.org/express
148 verbose request uri https://registry.npmjs.org/mongodb
149 verbose request no auth needed
150 info attempt registry request try #1 at 4:41:27 PM
151 verbose etag "4NXLXOZ5T3A2Q68934W1X8UY0"
152 http request GET https://registry.npmjs.org/mongodb
153 verbose request uri https://registry.npmjs.org/debug
154 verbose request no auth needed
155 info attempt registry request try #1 at 4:41:27 PM
156 verbose etag "A4BK56FNR23E0ZUUMABJ7KBH"
157 http request GET https://registry.npmjs.org/debug
158 http 304 https://registry.npmjs.org/jade
159 verbose headers { date: 'Sun, 25 Oct 2015 23:41:26 GMT',
159 verbose headers   via: '1.1 varnish',
159 verbose headers   'cache-control': 'max-age=60',
159 verbose headers   etag: '"ANEZLK43VMC3D2E8O9LV3MMFI"',
159 verbose headers   age: '18',
159 verbose headers   connection: 'keep-alive',
159 verbose headers   'x-served-by': 'cache-lax1422-LAX',
159 verbose headers   'x-cache': 'HIT',
159 verbose headers   'x-cache-hits': '1',
159 verbose headers   'x-timer': 'S1445816486.675930,VS0,VE1',
159 verbose headers   vary: 'Accept' }
160 silly get cb [ 304,
160 silly get   { date: 'Sun, 25 Oct 2015 23:41:26 GMT',
160 silly get     via: '1.1 varnish',
160 silly get     'cache-control': 'max-age=60',
160 silly get     etag: '"ANEZLK43VMC3D2E8O9LV3MMFI"',
160 silly get     age: '18',
160 silly get     connection: 'keep-alive',
160 silly get     'x-served-by': 'cache-lax1422-LAX',
160 silly get     'x-cache': 'HIT',
160 silly get     'x-cache-hits': '1',
160 silly get     'x-timer': 'S1445816486.675930,VS0,VE1',
160 silly get     vary: 'Accept' } ]
161 verbose etag https://registry.npmjs.org/jade from cache
162 verbose get saving jade to C:\Users\joji\AppData\Roaming\npm-cache\registry.npmjs.org\jade\.cache.json
163 http 304 https://registry.npmjs.org/body-parser
164 verbose headers { date: 'Sun, 25 Oct 2015 23:41:26 GMT',
164 verbose headers   via: '1.1 varnish',
164 verbose headers   'cache-control': 'max-age=60',
164 verbose headers   etag: '"6ORFQSCSN8RYJKZ8OSGDXQ1C9"',
164 verbose headers   age: '54',
164 verbose headers   connection: 'keep-alive',
164 verbose headers   'x-served-by': 'cache-lax1425-LAX',
164 verbose headers   'x-cache': 'HIT',
164 verbose headers   'x-cache-hits': '90',
164 verbose headers   'x-timer': 'S1445816486.681531,VS0,VE0',
164 verbose headers   vary: 'Accept' }
165 silly get cb [ 304,
165 silly get   { date: 'Sun, 25 Oct 2015 23:41:26 GMT',
165 silly get     via: '1.1 varnish',
165 silly get     'cache-control': 'max-age=60',
165 silly get     etag: '"6ORFQSCSN8RYJKZ8OSGDXQ1C9"',
165 silly get     age: '54',
165 silly get     connection: 'keep-alive',
165 silly get     'x-served-by': 'cache-lax1425-LAX',
165 silly get     'x-cache': 'HIT',
165 silly get     'x-cache-hits': '90',
165 silly get     'x-timer': 'S1445816486.681531,VS0,VE0',
165 silly get     vary: 'Accept' } ]
166 verbose etag https://registry.npmjs.org/body-parser from cache
167 verbose get saving body-parser to C:\Users\joji\AppData\Roaming\npm-cache\registry.npmjs.org\body-parser\.cache.json
168 http 304 https://registry.npmjs.org/express
169 verbose headers { date: 'Sun, 25 Oct 2015 23:41:26 GMT',
169 verbose headers   via: '1.1 varnish',
169 verbose headers   'cache-control': 'max-age=60',
169 verbose headers   etag: '"2LM17AJ5OD4SY17TI28CWQBYY"',
169 verbose headers   age: '43',
169 verbose headers   connection: 'keep-alive',
169 verbose headers   'x-served-by': 'cache-lax1421-LAX',
169 verbose headers   'x-cache': 'HIT',
169 verbose headers   'x-cache-hits': '2',
169 verbose headers   'x-timer': 'S1445816486.682798,VS0,VE0',
169 verbose headers   vary: 'Accept' }
170 silly get cb [ 304,
170 silly get   { date: 'Sun, 25 Oct 2015 23:41:26 GMT',
170 silly get     via: '1.1 varnish',
170 silly get     'cache-control': 'max-age=60',
170 silly get     etag: '"2LM17AJ5OD4SY17TI28CWQBYY"',
170 silly get     age: '43',
170 silly get     connection: 'keep-alive',
170 silly get     'x-served-by': 'cache-lax1421-LAX',
170 silly get     'x-cache': 'HIT',
170 silly get     'x-cache-hits': '2',
170 silly get     'x-timer': 'S1445816486.682798,VS0,VE0',
170 silly get     vary: 'Accept' } ]
171 verbose etag https://registry.npmjs.org/express from cache
172 verbose get saving express to C:\Users\joji\AppData\Roaming\npm-cache\registry.npmjs.org\express\.cache.json
173 http 304 https://registry.npmjs.org/cookie-parser
174 verbose headers { date: 'Sun, 25 Oct 2015 23:41:26 GMT',
174 verbose headers   via: '1.1 varnish',
174 verbose headers   'cache-control': 'max-age=60',
174 verbose headers   etag: '"75L4BXUCQOB9UTAYPP1B633IL"',
174 verbose headers   age: '5',
174 verbose headers   connection: 'keep-alive',
174 verbose headers   'x-served-by': 'cache-lax1431-LAX',
174 verbose headers   'x-cache': 'HIT',
174 verbose headers   'x-cache-hits': '1',
174 verbose headers   'x-timer': 'S1445816486.682139,VS0,VE2',
174 verbose headers   vary: 'Accept' }
175 silly get cb [ 304,
175 silly get   { date: 'Sun, 25 Oct 2015 23:41:26 GMT',
175 silly get     via: '1.1 varnish',
175 silly get     'cache-control': 'max-age=60',
175 silly get     etag: '"75L4BXUCQOB9UTAYPP1B633IL"',
175 silly get     age: '5',
175 silly get     connection: 'keep-alive',
175 silly get     'x-served-by': 'cache-lax1431-LAX',
175 silly get     'x-cache': 'HIT',
175 silly get     'x-cache-hits': '1',
175 silly get     'x-timer': 'S1445816486.682139,VS0,VE2',
175 silly get     vary: 'Accept' } ]
176 verbose etag https://registry.npmjs.org/cookie-parser from cache
177 verbose get saving cookie-parser to C:\Users\joji\AppData\Roaming\npm-cache\registry.npmjs.org\cookie-parser\.cache.json
178 http 304 https://registry.npmjs.org/socket.io
179 verbose headers { date: 'Sun, 25 Oct 2015 23:41:26 GMT',
179 verbose headers   via: '1.1 varnish',
179 verbose headers   'cache-control': 'max-age=60',
179 verbose headers   etag: '"6P8YL0YRD82PZ6Q3F8TPNAN34"',
179 verbose headers   age: '49',
179 verbose headers   connection: 'keep-alive',
179 verbose headers   'x-served-by': 'cache-lax1426-LAX',
179 verbose headers   'x-cache': 'HIT',
179 verbose headers   'x-cache-hits': '2',
179 verbose headers   'x-timer': 'S1445816486.686950,VS0,VE0',
179 verbose headers   vary: 'Accept' }
180 silly get cb [ 304,
180 silly get   { date: 'Sun, 25 Oct 2015 23:41:26 GMT',
180 silly get     via: '1.1 varnish',
180 silly get     'cache-control': 'max-age=60',
180 silly get     etag: '"6P8YL0YRD82PZ6Q3F8TPNAN34"',
180 silly get     age: '49',
180 silly get     connection: 'keep-alive',
180 silly get     'x-served-by': 'cache-lax1426-LAX',
180 silly get     'x-cache': 'HIT',
180 silly get     'x-cache-hits': '2',
180 silly get     'x-timer': 'S1445816486.686950,VS0,VE0',
180 silly get     vary: 'Accept' } ]
181 verbose etag https://registry.npmjs.org/socket.io from cache
182 verbose get saving socket.io to C:\Users\joji\AppData\Roaming\npm-cache\registry.npmjs.org\socket.io\.cache.json
183 http 304 https://registry.npmjs.org/mongodb
184 verbose headers { date: 'Sun, 25 Oct 2015 23:41:26 GMT',
184 verbose headers   via: '1.1 varnish',
184 verbose headers   'cache-control': 'max-age=60',
184 verbose headers   etag: '"4NXLXOZ5T3A2Q68934W1X8UY0"',
184 verbose headers   age: '53',
184 verbose headers   connection: 'keep-alive',
184 verbose headers   'x-served-by': 'cache-lax1429-LAX',
184 verbose headers   'x-cache': 'HIT',
184 verbose headers   'x-cache-hits': '1',
184 verbose headers   'x-timer': 'S1445816486.685148,VS0,VE4',
184 verbose headers   vary: 'Accept' }
185 silly get cb [ 304,
185 silly get   { date: 'Sun, 25 Oct 2015 23:41:26 GMT',
185 silly get     via: '1.1 varnish',
185 silly get     'cache-control': 'max-age=60',
185 silly get     etag: '"4NXLXOZ5T3A2Q68934W1X8UY0"',
185 silly get     age: '53',
185 silly get     connection: 'keep-alive',
185 silly get     'x-served-by': 'cache-lax1429-LAX',
185 silly get     'x-cache': 'HIT',
185 silly get     'x-cache-hits': '1',
185 silly get     'x-timer': 'S1445816486.685148,VS0,VE4',
185 silly get     vary: 'Accept' } ]
186 verbose etag https://registry.npmjs.org/mongodb from cache
187 verbose get saving mongodb to C:\Users\joji\AppData\Roaming\npm-cache\registry.npmjs.org\mongodb\.cache.json
188 http 304 https://registry.npmjs.org/debug
189 verbose headers { date: 'Sun, 25 Oct 2015 23:41:26 GMT',
189 verbose headers   via: '1.1 varnish',
189 verbose headers   'cache-control': 'max-age=60',
189 verbose headers   etag: '"A4BK56FNR23E0ZUUMABJ7KBH"',
189 verbose headers   age: '21',
189 verbose headers   connection: 'keep-alive',
189 verbose headers   'x-served-by': 'cache-lax1427-LAX',
189 verbose headers   'x-cache': 'HIT',
189 verbose headers   'x-cache-hits': '3',
189 verbose headers   'x-timer': 'S1445816486.692267,VS0,VE0',
189 verbose headers   vary: 'Accept' }
190 silly get cb [ 304,
190 silly get   { date: 'Sun, 25 Oct 2015 23:41:26 GMT',
190 silly get     via: '1.1 varnish',
190 silly get     'cache-control': 'max-age=60',
190 silly get     etag: '"A4BK56FNR23E0ZUUMABJ7KBH"',
190 silly get     age: '21',
190 silly get     connection: 'keep-alive',
190 silly get     'x-served-by': 'cache-lax1427-LAX',
190 silly get     'x-cache': 'HIT',
190 silly get     'x-cache-hits': '3',
190 silly get     'x-timer': 'S1445816486.692267,VS0,VE0',
190 silly get     vary: 'Accept' } ]
191 verbose etag https://registry.npmjs.org/debug from cache
192 verbose get saving debug to C:\Users\joji\AppData\Roaming\npm-cache\registry.npmjs.org\debug\.cache.json
193 silly addNameRange number 2 { name: 'express', range: '>=4.13.1 <4.14.0', hasData: true }
194 silly addNameRange versions [ 'express',
194 silly addNameRange   [ '0.14.0',
194 silly addNameRange     '0.14.1',
194 silly addNameRange     '1.0.0',
194 silly addNameRange     '1.0.1',
194 silly addNameRange     '1.0.2',
194 silly addNameRange     '1.0.3',
194 silly addNameRange     '1.0.4',
194 silly addNameRange     '1.0.5',
194 silly addNameRange     '1.0.6',
194 silly addNameRange     '1.0.7',
194 silly addNameRange     '1.0.8',
194 silly addNameRange     '2.0.0',
194 silly addNameRange     '2.1.0',
194 silly addNameRange     '2.1.1',
194 silly addNameRange     '2.2.0',
194 silly addNameRange     '2.2.1',
194 silly addNameRange     '2.2.2',
194 silly addNameRange     '2.3.0',
194 silly addNameRange     '2.3.1',
194 silly addNameRange     '2.3.2',
194 silly addNameRange     '2.3.3',
194 silly addNameRange     '2.3.4',
194 silly addNameRange     '2.3.5',
194 silly addNameRange     '2.3.6',
194 silly addNameRange     '2.3.7',
194 silly addNameRange     '2.3.8',
194 silly addNameRange     '2.3.9',
194 silly addNameRange     '2.3.10',
194 silly addNameRange     '2.3.11',
194 silly addNameRange     '2.3.12',
194 silly addNameRange     '2.4.0',
194 silly addNameRange     '2.4.1',
194 silly addNameRange     '2.4.2',
194 silly addNameRange     '2.4.3',
194 silly addNameRange     '2.4.4',
194 silly addNameRange     '2.4.5',
194 silly addNameRange     '2.4.6',
194 silly addNameRange     '2.4.7',
194 silly addNameRange     '2.5.0',
194 silly addNameRange     '2.5.1',
194 silly addNameRange     '2.5.2',
194 silly addNameRange     '2.5.3',
194 silly addNameRange     '2.5.4',
194 silly addNameRange     '2.5.5',
194 silly addNameRange     '2.5.6',
194 silly addNameRange     '2.5.7',
194 silly addNameRange     '2.5.8',
194 silly addNameRange     '2.5.9',
194 silly addNameRange     '2.5.10',
194 silly addNameRange     '2.5.11',
194 silly addNameRange     '3.0.0',
194 silly addNameRange     '3.0.1',
194 silly addNameRange     '3.0.2',
194 silly addNameRange     '3.0.3',
194 silly addNameRange     '3.0.4',
194 silly addNameRange     '3.0.5',
194 silly addNameRange     '3.0.6',
194 silly addNameRange     '3.1.0',
194 silly addNameRange     '3.1.1',
194 silly addNameRange     '3.1.2',
194 silly addNameRange     '3.2.0',
194 silly addNameRange     '3.2.1',
194 silly addNameRange     '3.2.2',
194 silly addNameRange     '3.2.3',
194 silly addNameRange     '3.2.4',
194 silly addNameRange     '3.2.5',
194 silly addNameRange     '3.2.6',
194 silly addNameRange     '3.3.0',
194 silly addNameRange     '3.3.1',
194 silly addNameRange     '3.3.2',
194 silly addNameRange     '3.3.3',
194 silly addNameRange     '3.3.4',
194 silly addNameRange     '3.3.5',
194 silly addNameRange     '3.3.6',
194 silly addNameRange     '1.0.0-beta',
194 silly addNameRange     '1.0.0-beta2',
194 silly addNameRange     '1.0.0-rc',
194 silly addNameRange     '1.0.0-rc2',
194 silly addNameRange     '1.0.0-rc3',
194 silly addNameRange     '1.0.0-rc4',
194 silly addNameRange     '2.0.0-beta',
194 silly addNameRange     '2.0.0-beta2',
194 silly addNameRange     '2.0.0-beta3',
194 silly addNameRange     '2.0.0-rc',
194 silly addNameRange     '2.0.0-rc2',
194 silly addNameRange     '2.0.0-rc3',
194 silly addNameRange     '3.0.0-alpha1',
194 silly addNameRange     '3.0.0-alpha2',
194 silly addNameRange     '3.0.0-alpha3',
194 silly addNameRange     '3.0.0-alpha4',
194 silly addNameRange     '3.0.0-alpha5',
194 silly addNameRange     '3.0.0-beta1',
194 silly addNameRange     '3.0.0-beta2',
194 silly addNameRange     '3.0.0-beta3',
194 silly addNameRange     '3.0.0-beta4',
194 silly addNameRange     '3.0.0-beta6',
194 silly addNameRange     '3.0.0-beta7',
194 silly addNameRange     '3.0.0-rc1',
194 silly addNameRange     '3.0.0-rc2',
194 silly addNameRange     '3.0.0-rc3',
194 silly addNameRange     '3.0.0-rc4',
194 silly addNameRange     '3.0.0-rc5',
194 silly addNameRange     '3.3.7',
194 silly addNameRange     '3.3.8',
194 silly addNameRange     '3.4.0',
194 silly addNameRange     '3.4.1',
194 silly addNameRange     '3.4.2',
194 silly addNameRange     '3.4.3',
194 silly addNameRange     '3.4.4',
194 silly addNameRange     '3.4.5',
194 silly addNameRange     '3.4.6',
194 silly addNameRange     '3.4.7',
194 silly addNameRange     '3.4.8',
194 silly addNameRange     '4.0.0-rc1',
194 silly addNameRange     '4.0.0-rc2',
194 silly addNameRange     '3.5.0',
194 silly addNameRange     '4.0.0-rc3',
194 silly addNameRange     '4.0.0-rc4',
194 silly addNameRange     '3.5.1',
194 silly addNameRange     '4.0.0',
194 silly addNameRange     '3.5.2',
194 silly addNameRange     '4.1.0',
194 silly addNameRange     '4.1.1',
194 silly addNameRange     '3.5.3',
194 silly addNameRange     '4.1.2',
194 silly addNameRange     '3.6.0',
194 silly addNameRange     '4.2.0',
194 silly addNameRange     '3.7.0',
194 silly addNameRange     '3.8.0',
194 silly addNameRange     '4.3.0',
194 silly addNameRange     '4.3.1',
194 silly addNameRange     '3.8.1',
194 silly addNameRange     '4.3.2',
194 silly addNameRange     '3.9.0',
194 silly addNameRange     '4.4.0',
194 silly addNameRange     '4.4.1',
194 silly addNameRange     '3.10.0',
194 silly addNameRange     '3.10.1',
194 silly addNameRange     '3.10.2',
194 silly addNameRange     '3.10.3',
194 silly addNameRange     '3.10.4',
194 silly addNameRange     '4.4.2',
194 silly addNameRange     '3.10.5',
194 silly addNameRange     '4.4.3',
194 silly addNameRange     '3.11.0',
194 silly addNameRange     '4.4.4',
194 silly addNameRange     '3.12.0',
194 silly addNameRange     '3.12.1',
194 silly addNameRange     '4.4.5',
194 silly addNameRange     '3.13.0',
194 silly addNameRange     '4.5.0',
194 silly addNameRange     '4.5.1',
194 silly addNameRange     '3.14.0',
194 silly addNameRange     '4.6.0',
194 silly addNameRange     '4.6.1',
194 silly addNameRange     '3.15.0',
194 silly addNameRange     '4.7.0',
194 silly addNameRange     '3.15.1',
194 silly addNameRange     '4.7.1',
194 silly addNameRange     '3.15.2',
194 silly addNameRange     '4.7.2',
194 silly addNameRange     '4.7.3',
194 silly addNameRange     '3.15.3',
194 silly addNameRange     '4.7.4',
194 silly addNameRange     '3.16.0',
194 silly addNameRange     '4.8.0',
194 silly addNameRange     '3.16.1',
194 silly addNameRange     '4.8.1',
194 silly addNameRange     '3.16.2',
194 silly addNameRange     '4.8.2',
194 silly addNameRange     '3.16.3',
194 silly addNameRange     '3.16.4',
194 silly addNameRange     '4.8.3',
194 silly addNameRange     '3.16.5',
194 silly addNameRange     '3.16.6',
194 silly addNameRange     '4.8.4',
194 silly addNameRange     '3.16.7',
194 silly addNameRange     '4.8.5',
194 silly addNameRange     '3.16.8',
194 silly addNameRange     '4.8.6',
194 silly addNameRange     '3.16.9',
194 silly addNameRange     '4.8.7',
194 silly addNameRange     '3.16.10',
194 silly addNameRange     '4.8.8',
194 silly addNameRange     '3.17.0',
194 silly addNameRange     '3.17.1',
194 silly addNameRange     '4.9.0',
194 silly addNameRange     '3.17.2',
194 silly addNameRange     '4.9.1',
194 silly addNameRange     '4.9.2',
194 silly addNameRange     '3.17.3',
194 silly addNameRange     '4.9.3',
194 silly addNameRange     '3.17.4',
194 silly addNameRange     '4.9.4',
194 silly addNameRange     '3.17.5',
194 silly addNameRange     '4.9.5',
194 silly addNameRange     '3.17.6',
194 silly addNameRange     '3.17.7',
194 silly addNameRange     '4.9.6',
194 silly addNameRange     '4.9.7',
194 silly addNameRange     '3.17.8',
194 silly addNameRange     '4.9.8',
194 silly addNameRange     '3.18.0',
194 silly addNameRange     '3.18.1',
194 silly addNameRange     '4.10.0',
194 silly addNameRange     '3.18.2',
194 silly addNameRange     '4.10.1',
194 silly addNameRange     '5.0.0-alpha.1',
194 silly addNameRange     '3.18.3',
194 silly addNameRange     '4.10.2',
194 silly addNameRange     '3.18.4',
194 silly addNameRange     '4.10.3',
194 silly addNameRange     '4.10.4',
194 silly addNameRange     '4.10.5',
194 silly addNameRange     '3.18.5',
194 silly addNameRange     '3.18.6',
194 silly addNameRange     '4.10.6',
194 silly addNameRange     '4.10.7',
194 silly addNameRange     '3.19.0',
194 silly addNameRange     '4.10.8',
194 silly addNameRange     '4.11.0',
194 silly addNameRange     '3.19.1',
194 silly addNameRange     '4.11.1',
194 silly addNameRange     '3.19.2',
194 silly addNameRange     '4.11.2',
194 silly addNameRange     '3.20.0',
194 silly addNameRange     '4.12.0',
194 silly addNameRange     '3.20.1',
194 silly addNameRange     '4.12.1',
194 silly addNameRange     '4.12.2',
194 silly addNameRange     '3.20.2',
194 silly addNameRange     '4.12.3',
194 silly addNameRange     '3.20.3',
194 silly addNameRange     '4.12.4',
194 silly addNameRange     '3.21.0',
194 silly addNameRange     '4.13.0',
194 silly addNameRange     '3.21.1',
194 silly addNameRange     '4.13.1',
194 silly addNameRange     '5.0.0-alpha.2',
194 silly addNameRange     '3.21.2',
194 silly addNameRange     '4.13.2',
194 silly addNameRange     '4.13.3' ] ]
195 silly addNamed express@4.13.3
196 verbose addNamed "4.13.3" is a plain semver version for express
197 silly addNameRange number 2 { name: 'cookie-parser', range: '>=1.3.5 <1.4.0', hasData: true }
198 silly addNameRange versions [ 'cookie-parser',
198 silly addNameRange   [ '1.0.0',
198 silly addNameRange     '1.0.1',
198 silly addNameRange     '1.1.0',
198 silly addNameRange     '1.2.0',
198 silly addNameRange     '1.3.0',
198 silly addNameRange     '1.3.1',
198 silly addNameRange     '1.3.2',
198 silly addNameRange     '1.3.3',
198 silly addNameRange     '1.3.4',
198 silly addNameRange     '1.3.5',
198 silly addNameRange     '1.4.0' ] ]
199 silly addNamed cookie-parser@1.3.5
200 verbose addNamed "1.3.5" is a plain semver version for cookie-parser
201 silly addNameRange number 2 { name: 'body-parser', range: '>=1.13.2 <1.14.0', hasData: true }
202 silly addNameRange versions [ 'body-parser',
202 silly addNameRange   [ '1.0.0',
202 silly addNameRange     '1.0.1',
202 silly addNameRange     '1.0.2',
202 silly addNameRange     '1.1.0',
202 silly addNameRange     '1.1.1',
202 silly addNameRange     '1.1.2',
202 silly addNameRange     '1.2.0',
202 silly addNameRange     '1.2.1',
202 silly addNameRange     '1.2.2',
202 silly addNameRange     '1.3.0',
202 silly addNameRange     '1.3.1',
202 silly addNameRange     '1.4.0',
202 silly addNameRange     '1.4.1',
202 silly addNameRange     '1.4.2',
202 silly addNameRange     '1.4.3',
202 silly addNameRange     '1.5.0',
202 silly addNameRange     '1.5.1',
202 silly addNameRange     '1.5.2',
202 silly addNameRange     '1.6.0',
202 silly addNameRange     '1.6.1',
202 silly addNameRange     '1.6.2',
202 silly addNameRange     '1.6.3',
202 silly addNameRange     '1.6.4',
202 silly addNameRange     '1.6.5',
202 silly addNameRange     '1.6.6',
202 silly addNameRange     '1.6.7',
202 silly addNameRange     '1.7.0',
202 silly addNameRange     '1.8.0',
202 silly addNameRange     '1.8.1',
202 silly addNameRange     '1.8.2',
202 silly addNameRange     '1.8.3',
202 silly addNameRange     '1.8.4',
202 silly addNameRange     '1.9.0',
202 silly addNameRange     '1.9.1',
202 silly addNameRange     '1.9.2',
202 silly addNameRange     '1.9.3',
202 silly addNameRange     '1.10.0',
202 silly addNameRange     '1.10.1',
202 silly addNameRange     '1.10.2',
202 silly addNameRange     '1.11.0',
202 silly addNameRange     '1.12.0',
202 silly addNameRange     '1.12.1',
202 silly addNameRange     '1.12.2',
202 silly addNameRange     '1.12.3',
202 silly addNameRange     '1.12.4',
202 silly addNameRange     '1.13.0',
202 silly addNameRange     '1.13.1',
202 silly addNameRange     '1.13.2',
202 silly addNameRange     '1.13.3',
202 silly addNameRange     '1.14.0',
202 silly addNameRange     '1.14.1' ] ]
203 silly addNamed body-parser@1.13.3
204 verbose addNamed "1.13.3" is a plain semver version for body-parser
205 silly addNameRange number 2 { name: 'jade', range: '>=1.11.0 <1.12.0', hasData: true }
206 silly addNameRange versions [ 'jade',
206 silly addNameRange   [ '0.0.1',
206 silly addNameRange     '0.0.2',
206 silly addNameRange     '0.1.0',
206 silly addNameRange     '0.2.0',
206 silly addNameRange     '0.2.1',
206 silly addNameRange     '0.2.2',
206 silly addNameRange     '0.2.3',
206 silly addNameRange     '0.2.4',
206 silly addNameRange     '0.3.0',
206 silly addNameRange     '0.4.0',
206 silly addNameRange     '0.4.1',
206 silly addNameRange     '0.5.0',
206 silly addNameRange     '0.5.1',
206 silly addNameRange     '0.5.2',
206 silly addNameRange     '0.5.3',
206 silly addNameRange     '0.5.4',
206 silly addNameRange     '0.5.5',
206 silly addNameRange     '0.5.6',
206 silly addNameRange     '0.5.7',
206 silly addNameRange     '0.6.0',
206 silly addNameRange     '0.6.1',
206 silly addNameRange     '0.6.3',
206 silly addNameRange     '0.7.0',
206 silly addNameRange     '0.7.1',
206 silly addNameRange     '0.8.0',
206 silly addNameRange     '0.8.1',
206 silly addNameRange     '0.8.2',
206 silly addNameRange     '0.8.3',
206 silly addNameRange     '0.8.4',
206 silly addNameRange     '0.8.5',
206 silly addNameRange     '0.8.6',
206 silly addNameRange     '0.8.7',
206 silly addNameRange     '0.8.8',
206 silly addNameRange     '0.8.9',
206 silly addNameRange     '0.9.0',
206 silly addNameRange     '0.9.1',
206 silly addNameRange     '0.9.2',
206 silly addNameRange     '0.9.3',
206 silly addNameRange     '0.10.0',
206 silly addNameRange     '0.10.1',
206 silly addNameRange     '0.10.2',
206 silly addNameRange     '0.10.3',
206 silly addNameRange     '0.10.4',
206 silly addNameRange     '0.10.5',
206 silly addNameRange     '0.10.6',
206 silly addNameRange     '0.10.7',
206 silly addNameRange     '0.11.0',
206 silly addNameRange     '0.11.1',
206 silly addNameRange     '0.12.0',
206 silly addNameRange     '0.12.1',
206 silly addNameRange     '0.12.2',
206 silly addNameRange     '0.12.3',
206 silly addNameRange     '0.12.4',
206 silly addNameRange     '0.13.0',
206 silly addNameRange     '0.14.0',
206 silly addNameRange     '0.14.1',
206 silly addNameRange     '0.14.2',
206 silly addNameRange     '0.15.0',
206 silly addNameRange     '0.15.1',
206 silly addNameRange     '0.15.2',
206 silly addNameRange     '0.15.3',
206 silly addNameRange     '0.15.4',
206 silly addNameRange     '0.16.0',
206 silly addNameRange     '0.16.1',
206 silly addNameRange     '0.16.2',
206 silly addNameRange     '0.16.3',
206 silly addNameRange     '0.16.4',
206 silly addNameRange     '0.17.0',
206 silly addNameRange     '0.18.0',
206 silly addNameRange     '0.19.0',
206 silly addNameRange     '0.20.0',
206 silly addNameRange     '0.20.1',
206 silly addNameRange     '0.20.2',
206 silly addNameRange     '0.20.3',
206 silly addNameRange     '0.21.0',
206 silly addNameRange     '0.22.0',
206 silly addNameRange     '0.22.1',
206 silly addNameRange     '0.23.0',
206 silly addNameRange     '0.24.0',
206 silly addNameRange     '0.25.0',
206 silly addNameRange     '0.26.0',
206 silly addNameRange     '0.26.1',
206 silly addNameRange     '0.26.2',
206 silly addNameRange     '0.26.3',
206 silly addNameRange     '0.27.0',
206 silly addNameRange     '0.27.1',
206 silly addNameRange     '0.27.2',
206 silly addNameRange     '0.27.3',
206 silly addNameRange     '0.27.4',
206 silly addNameRange     '0.27.5',
206 silly addNameRange     '0.27.6',
206 silly addNameRange     '0.27.7',
206 silly addNameRange     '0.28.0',
206 silly addNameRange     '0.28.1',
206 silly addNameRange     '0.28.2',
206 silly addNameRange     '0.29.0',
206 silly addNameRange     '0.30.0',
206 silly addNameRange     '0.31.0',
206 silly addNameRange     '0.31.1',
206 silly addNameRange     '0.31.2',
206 silly addNameRange     '0.32.0',
206 silly addNameRange     '0.33.0',
206 silly addNameRange     '0.34.0',
206 silly addNameRange     '0.34.1',
206 silly addNameRange     '0.35.0',
206 silly addNameRange     '1.0.0',
206 silly addNameRange     '1.0.1',
206 silly addNameRange     '1.0.2',
206 silly addNameRange     '1.1.0',
206 silly addNameRange     '1.1.1',
206 silly addNameRange     '1.1.2',
206 silly addNameRange     '1.1.3',
206 silly addNameRange     '1.1.4',
206 silly addNameRange     '1.1.5',
206 silly addNameRange     '1.2.0',
206 silly addNameRange     '1.3.0',
206 silly addNameRange     '1.3.1',
206 silly addNameRange     '1.4.0',
206 silly addNameRange     '1.4.1',
206 silly addNameRange     '1.4.2',
206 silly addNameRange     '1.5.0',
206 silly addNameRange     '1.6.0',
206 silly addNameRange     '1.7.0',
206 silly addNameRange     '1.8.0',
206 silly addNameRange     '1.8.1',
206 silly addNameRange     '1.8.2',
206 silly addNameRange     '1.9.0',
206 silly addNameRange     '1.9.1',
206 silly addNameRange     '1.9.2',
206 silly addNameRange     '1.10.0',
206 silly addNameRange     '1.11.0' ] ]
207 silly addNamed jade@1.11.0
208 verbose addNamed "1.11.0" is a plain semver version for jade
209 silly addNameRange number 2 { name: 'mongodb', range: '>=3.0.7 <4.0.0', hasData: true }
210 silly addNameRange versions [ 'mongodb',
210 silly addNameRange   [ '0.9.4',
210 silly addNameRange     '0.9.4-4',
210 silly addNameRange     '0.9.3',
210 silly addNameRange     '0.9.1',
210 silly addNameRange     '0.9.2',
210 silly addNameRange     '0.9.6-7',
210 silly addNameRange     '0.9.6-8',
210 silly addNameRange     '0.9.6-9',
210 silly addNameRange     '0.9.6-10',
210 silly addNameRange     '0.9.6-11',
210 silly addNameRange     '0.9.6-12',
210 silly addNameRange     '0.9.6-13',
210 silly addNameRange     '0.9.6-14',
210 silly addNameRange     '0.9.6-15',
210 silly addNameRange     '0.9.6-16',
210 silly addNameRange     '0.9.6-17',
210 silly addNameRange     '0.9.6-18',
210 silly addNameRange     '0.9.6-19',
210 silly addNameRange     '0.9.6-20',
210 silly addNameRange     '0.9.6-21',
210 silly addNameRange     '0.9.6-22',
210 silly addNameRange     '0.9.6-23',
210 silly addNameRange     '0.9.7',
210 silly addNameRange     '0.9.7-0',
210 silly addNameRange     '0.9.7-1',
210 silly addNameRange     '0.9.7-1.1',
210 silly addNameRange     '0.9.7-1.2',
210 silly addNameRange     '0.9.7-1.3',
210 silly addNameRange     '0.9.7-1.4',
210 silly addNameRange     '0.9.7-2',
210 silly addNameRange     '0.9.7-2-1',
210 silly addNameRange     '0.9.7-2-2',
210 silly addNameRange     '0.9.7-2-3',
210 silly addNameRange     '0.9.7-2-4',
210 silly addNameRange     '0.9.7-2-5',
210 silly addNameRange     '0.9.7-3',
210 silly addNameRange     '0.9.7-3-1',
210 silly addNameRange     '0.9.7-3-2',
210 silly addNameRange     '0.9.7-3-3',
210 silly addNameRange     '0.9.7-3-4',
210 silly addNameRange     '0.9.7-3-5',
210 silly addNameRange     '0.9.8',
210 silly addNameRange     '0.9.8-1',
210 silly addNameRange     '0.9.8-2',
210 silly addNameRange     '0.9.8-3',
210 silly addNameRange     '0.9.8-4',
210 silly addNameRange     '0.9.8-5',
210 silly addNameRange     '0.9.8-6',
210 silly addNameRange     '0.9.8-7',
210 silly addNameRange     '0.9.9',
210 silly addNameRange     '0.9.9-1',
210 silly addNameRange     '0.9.9-2',
210 silly addNameRange     '0.9.9-3',
210 silly addNameRange     '0.9.9-4',
210 silly addNameRange     '0.9.9-5',
210 silly addNameRange     '0.9.9-6',
210 silly addNameRange     '0.9.9-7',
210 silly addNameRange     '0.9.9-8',
210 silly addNameRange     '1.0.0',
210 silly addNameRange     '1.0.1',
210 silly addNameRange     '1.0.2',
210 silly addNameRange     '1.1.0-beta',
210 silly addNameRange     '1.1.0',
210 silly addNameRange     '1.1.1',
210 silly addNameRange     '1.1.2',
210 silly addNameRange     '1.1.3',
210 silly addNameRange     '1.1.4',
210 silly addNameRange     '1.1.5',
210 silly addNameRange     '1.1.6',
210 silly addNameRange     '1.1.7',
210 silly addNameRange     '1.1.8',
210 silly addNameRange     '1.1.9',
210 silly addNameRange     '1.1.10',
210 silly addNameRange     '1.1.11',
210 silly addNameRange     '1.2.0',
210 silly addNameRange     '1.2.1',
210 silly addNameRange     '1.2.2',
210 silly addNameRange     '1.2.3',
210 silly addNameRange     '1.2.4',
210 silly addNameRange     '1.2.5',
210 silly addNameRange     '1.2.6',
210 silly addNameRange     '1.2.7',
210 silly addNameRange     '1.2.8',
210 silly addNameRange     '1.2.9',
210 silly addNameRange     '1.2.10',
210 silly addNameRange     '1.2.11',
210 silly addNameRange     '1.2.12',
210 silly addNameRange     '1.2.13',
210 silly addNameRange     '1.2.14',
210 silly addNameRange     '1.3.0',
210 silly addNameRange     '1.3.1',
210 silly addNameRange     '1.3.2',
210 silly addNameRange     '1.3.3',
210 silly addNameRange     '1.3.4',
210 silly addNameRange     '1.3.5',
210 silly addNameRange     '1.3.6',
210 silly addNameRange     '1.3.7',
210 silly addNameRange     '1.3.8',
210 silly addNameRange     '1.3.9',
210 silly addNameRange     '1.3.10',
210 silly addNameRange     '1.3.11',
210 silly addNameRange     '1.3.12',
210 silly addNameRange     '1.3.14',
210 silly addNameRange     '1.3.15',
210 silly addNameRange     '1.3.17',
210 silly addNameRange     '1.3.18',
210 silly addNameRange     '1.3.19',
210 silly addNameRange     '1.4.0-rc2',
210 silly addNameRange     '1.3.20',
210 silly addNameRange     '1.4.0-rc3',
210 silly addNameRange     '1.3.21',
210 silly addNameRange     '1.3.22',
210 silly addNameRange     '1.3.23',
210 silly addNameRange     '1.4.0-rc4',
210 silly addNameRange     '1.4.0-rc5',
210 silly addNameRange     '1.4.0-rc6',
210 silly addNameRange     '1.4.0-rc7',
210 silly addNameRange     '1.4.0-rc8',
210 silly addNameRange     '1.4.0-rc9',
210 silly addNameRange     '1.4.0-rc10',
210 silly addNameRange     '1.4.0',
210 silly addNameRange     '1.4.1',
210 silly addNameRange     '1.4.2',
210 silly addNameRange     '1.4.3',
210 silly addNameRange     '1.4.4',
210 silly addNameRange     '1.4.5',
210 silly addNameRange     '1.4.6',
210 silly addNameRange     '1.4.7',
210 silly addNameRange     '1.4.8',
210 silly addNameRange     '1.4.9',
210 silly addNameRange     '1.4.10',
210 silly addNameRange     '2.0.0-alpha1',
210 silly addNameRange     '1.4.11',
210 silly addNameRange     '1.4.12',
210 silly addNameRange     '1.4.14',
210 silly addNameRange     '1.4.15',
210 silly addNameRange     '1.4.16',
210 silly addNameRange     '1.4.17',
210 silly addNameRange     '2.0.0-alpha2',
210 silly addNameRange     '1.4.18',
210 silly addNameRange     '2.0.0',
210 silly addNameRange     '2.0.1',
210 silly addNameRange     '2.0.2',
210 silly addNameRange     '1.4.19',
210 silly addNameRange     '2.0.3',
210 silly addNameRange     '2.0.4',
210 silly addNameRange     '2.0.5',
210 silly addNameRange     '2.0.6',
210 silly addNameRange     '1.4.20',
210 silly addNameRange     '1.4.22',
210 silly addNameRange     '2.0.7',
210 silly addNameRange     '2.0.8',
210 silly addNameRange     '2.0.9',
210 silly addNameRange     '1.4.23',
210 silly addNameRange     '2.0.10',
210 silly addNameRange     '1.4.24',
210 silly addNameRange     '2.0.11',
210 silly addNameRange     '1.4.25',
210 silly addNameRange     '2.0.12',
210 silly addNameRange     '1.4.26',
210 silly addNameRange     '1.4.27',
210 silly addNameRange     '1.4.28',
210 silly addNameRange     '2.0.13',
210 silly addNameRange     '2.0.14',
210 silly addNameRange     '1.4.29',
210 silly addNameRange     '2.0.15',
210 silly addNameRange     '1.4.30',
210 silly addNameRange     '2.0.16',
210 silly addNameRange     '1.4.31',
210 silly addNameRange     '2.0.17',
210 silly addNameRange     '1.4.32',
210 silly addNameRange     '2.0.18',
210 silly addNameRange     '2.0.19',
210 silly addNameRange     '1.4.33',
210 silly addNameRange     '2.0.20',
210 silly addNameRange     '2.0.21',
210 silly addNameRange     '1.4.34',
210 silly addNameRange     '2.0.22',
210 silly addNameRange     '2.0.23',
210 silly addNameRange     '1.4.35',
210 silly addNameRange     '2.0.24',
210 silly addNameRange     '2.0.25',
210 silly addNameRange     '2.0.26',
210 silly addNameRange     '2.0.27',
210 silly addNameRange     '2.0.28',
210 silly addNameRange     '2.0.29',
210 silly addNameRange     '1.4.36',
210 silly addNameRange     '2.0.30',
210 silly addNameRange     '1.4.37',
210 silly addNameRange     '2.0.31',
210 silly addNameRange     '1.4.38',
210 silly addNameRange     '2.0.32',
210 silly addNameRange     '2.0.33',
210 silly addNameRange     '2.1.0-alpha',
210 silly addNameRange     '2.0.34',
210 silly addNameRange     '2.0.35',
210 silly addNameRange     '2.0.36',
210 silly addNameRange     '2.0.37',
210 silly addNameRange     '2.0.38',
210 silly addNameRange     '2.0.39',
210 silly addNameRange     '1.4.39',
210 silly addNameRange     '2.0.40',
210 silly addNameRange     '2.0.41',
210 silly addNameRange     '2.0.42',
210 silly addNameRange     '2.0.43',
210 silly addNameRange     '2.0.44',
210 silly addNameRange     '2.0.45',
210 silly addNameRange     '2.0.46' ] ]
211 silly addNameRange number 2 { name: 'socket.io', range: '>=1.3.7 <2.0.0', hasData: true }
212 silly addNameRange versions [ 'socket.io',
212 silly addNameRange   [ '0.3.8',
212 silly addNameRange     '0.4.0',
212 silly addNameRange     '0.4.1',
212 silly addNameRange     '0.5.1',
212 silly addNameRange     '0.5.3',
212 silly addNameRange     '0.6.0',
212 silly addNameRange     '0.6.1',
212 silly addNameRange     '0.6.3',
212 silly addNameRange     '0.6.4',
212 silly addNameRange     '0.6.5',
212 silly addNameRange     '0.6.6',
212 silly addNameRange     '0.6.7',
212 silly addNameRange     '0.6.8',
212 silly addNameRange     '0.6.9',
212 silly addNameRange     '0.6.10',
212 silly addNameRange     '0.6.11',
212 silly addNameRange     '0.6.12',
212 silly addNameRange     '0.6.14',
212 silly addNameRange     '0.6.15',
212 silly addNameRange     '0.6.16',
212 silly addNameRange     '0.6.17',
212 silly addNameRange     '0.6.18',
212 silly addNameRange     '0.7.0',
212 silly addNameRange     '0.7.1',
212 silly addNameRange     '0.7.2',
212 silly addNameRange     '0.7.3',
212 silly addNameRange     '0.7.4',
212 silly addNameRange     '0.7.5',
212 silly addNameRange     '0.7.6',
212 silly addNameRange     '0.7.7',
212 silly addNameRange     '0.7.8',
212 silly addNameRange     '0.7.9',
212 silly addNameRange     '0.7.10',
212 silly addNameRange     '0.7.11',
212 silly addNameRange     '0.8.0',
212 silly addNameRange     '0.8.1',
212 silly addNameRange     '0.8.2',
212 silly addNameRange     '0.8.3',
212 silly addNameRange     '0.8.4',
212 silly addNameRange     '0.8.5',
212 silly addNameRange     '0.8.6',
212 silly addNameRange     '0.8.7',
212 silly addNameRange     '0.9.0',
212 silly addNameRange     '0.9.1',
212 silly addNameRange     '0.9.1-1',
212 silly addNameRange     '0.9.2',
212 silly addNameRange     '0.9.3',
212 silly addNameRange     '0.9.4',
212 silly addNameRange     '0.9.5',
212 silly addNameRange     '0.9.6',
212 silly addNameRange     '0.9.7',
212 silly addNameRange     '0.9.8',
212 silly addNameRange     '0.9.9',
212 silly addNameRange     '0.9.10',
212 silly addNameRange     '0.9.11',
212 silly addNameRange     '0.9.12',
212 silly addNameRange     '0.9.13',
212 silly addNameRange     '0.9.14',
212 silly addNameRange     '0.9.15',
212 silly addNameRange     '0.9.16',
212 silly addNameRange     '1.0.0-pre',
212 silly addNameRange     '1.0.0-pre2',
212 silly addNameRange     '1.0.0-pre3',
212 silly addNameRange     '1.0.0-pre4',
212 silly addNameRange     '1.0.0-pre5',
212 silly addNameRange     '0.9.17',
212 silly addNameRange     '1.0.0',
212 silly addNameRange     '1.0.1',
212 silly addNameRange     '1.0.2',
212 silly addNameRange     '1.0.3',
212 silly addNameRange     '1.0.4',
212 silly addNameRange     '1.0.5',
212 silly addNameRange     '1.0.6',
212 silly addNameRange     '1.1.0',
212 silly addNameRange     '1.2.0',
212 silly addNameRange     '1.2.1',
212 silly addNameRange     '1.3.0',
212 silly addNameRange     '1.3.1',
212 silly addNameRange     '1.3.2',
212 silly addNameRange     '1.3.3',
212 silly addNameRange     '1.3.4',
212 silly addNameRange     '1.3.5',
212 silly addNameRange     '1.3.6',
212 silly addNameRange     '1.3.7' ] ]
213 silly addNamed socket.io@1.3.7
214 verbose addNamed "1.3.7" is a plain semver version for socket.io
215 silly addNameRange number 2 { name: 'debug', range: '>=2.2.0 <2.3.0', hasData: true }
216 silly addNameRange versions [ 'debug',
216 silly addNameRange   [ '0.0.1',
216 silly addNameRange     '0.1.0',
216 silly addNameRange     '0.2.0',
216 silly addNameRange     '0.3.0',
216 silly addNameRange     '0.4.0',
216 silly addNameRange     '0.4.1',
216 silly addNameRange     '0.5.0',
216 silly addNameRange     '0.6.0',
216 silly addNameRange     '0.7.0',
216 silly addNameRange     '0.7.1',
216 silly addNameRange     '0.7.2',
216 silly addNameRange     '0.7.3',
216 silly addNameRange     '0.7.4',
216 silly addNameRange     '0.8.0',
216 silly addNameRange     '0.8.1',
216 silly addNameRange     '1.0.0',
216 silly addNameRange     '1.0.1',
216 silly addNameRange     '1.0.2',
216 silly addNameRange     '1.0.3',
216 silly addNameRange     '1.0.4',
216 silly addNameRange     '2.0.0',
216 silly addNameRange     '2.1.0',
216 silly addNameRange     '2.1.1',
216 silly addNameRange     '2.1.2',
216 silly addNameRange     '2.1.3',
216 silly addNameRange     '2.2.0' ] ]
217 silly addNamed debug@2.2.0
218 verbose addNamed "2.2.0" is a plain semver version for debug
219 silly cache afterAdd express@4.13.3
220 verbose afterAdd C:\Users\joji\AppData\Roaming\npm-cache\express\4.13.3\package\package.json not in flight; writing
221 http 304 https://registry.npmjs.org/serve-favicon
222 verbose headers { date: 'Sun, 25 Oct 2015 23:41:26 GMT',
222 verbose headers   via: '1.1 varnish',
222 verbose headers   'cache-control': 'max-age=60',
222 verbose headers   etag: '"GQLNFYPZ2Z06DI9P02T5ZAWV"',
222 verbose headers   age: '0',
222 verbose headers   connection: 'keep-alive',
222 verbose headers   'x-served-by': 'cache-lax1421-LAX',
222 verbose headers   'x-cache': 'HIT',
222 verbose headers   'x-cache-hits': '1',
222 verbose headers   'x-timer': 'S1445816486.679893,VS0,VE81',
222 verbose headers   vary: 'Accept' }
223 silly get cb [ 304,
223 silly get   { date: 'Sun, 25 Oct 2015 23:41:26 GMT',
223 silly get     via: '1.1 varnish',
223 silly get     'cache-control': 'max-age=60',
223 silly get     etag: '"GQLNFYPZ2Z06DI9P02T5ZAWV"',
223 silly get     age: '0',
223 silly get     connection: 'keep-alive',
223 silly get     'x-served-by': 'cache-lax1421-LAX',
223 silly get     'x-cache': 'HIT',
223 silly get     'x-cache-hits': '1',
223 silly get     'x-timer': 'S1445816486.679893,VS0,VE81',
223 silly get     vary: 'Accept' } ]
224 verbose etag https://registry.npmjs.org/serve-favicon from cache
225 verbose get saving serve-favicon to C:\Users\joji\AppData\Roaming\npm-cache\registry.npmjs.org\serve-favicon\.cache.json
226 silly cache afterAdd cookie-parser@1.3.5
227 verbose afterAdd C:\Users\joji\AppData\Roaming\npm-cache\cookie-parser\1.3.5\package\package.json not in flight; writing
228 silly cache afterAdd jade@1.11.0
229 verbose afterAdd C:\Users\joji\AppData\Roaming\npm-cache\jade\1.11.0\package\package.json not in flight; writing
230 silly cache afterAdd body-parser@1.13.3
231 verbose afterAdd C:\Users\joji\AppData\Roaming\npm-cache\body-parser\1.13.3\package\package.json not in flight; writing
232 verbose afterAdd C:\Users\joji\AppData\Roaming\npm-cache\express\4.13.3\package\package.json written
233 verbose afterAdd C:\Users\joji\AppData\Roaming\npm-cache\cookie-parser\1.3.5\package\package.json written
234 silly cache afterAdd socket.io@1.3.7
235 verbose afterAdd C:\Users\joji\AppData\Roaming\npm-cache\socket.io\1.3.7\package\package.json not in flight; writing
236 silly addNameRange number 2 { name: 'serve-favicon', range: '>=2.3.0 <2.4.0', hasData: true }
237 silly addNameRange versions [ 'serve-favicon',
237 silly addNameRange   [ '2.0.0',
237 silly addNameRange     '2.0.1',
237 silly addNameRange     '2.1.0',
237 silly addNameRange     '2.1.1',
237 silly addNameRange     '2.1.2',
237 silly addNameRange     '2.1.3',
237 silly addNameRange     '2.1.4',
237 silly addNameRange     '2.1.5',
237 silly addNameRange     '2.1.6',
237 silly addNameRange     '2.1.7',
237 silly addNameRange     '2.2.0',
237 silly addNameRange     '2.2.1',
237 silly addNameRange     '2.3.0' ] ]
238 silly addNamed serve-favicon@2.3.0
239 verbose addNamed "2.3.0" is a plain semver version for serve-favicon
240 verbose afterAdd C:\Users\joji\AppData\Roaming\npm-cache\jade\1.11.0\package\package.json written
241 verbose afterAdd C:\Users\joji\AppData\Roaming\npm-cache\body-parser\1.13.3\package\package.json written
242 verbose afterAdd C:\Users\joji\AppData\Roaming\npm-cache\socket.io\1.3.7\package\package.json written
243 silly cache afterAdd debug@2.2.0
244 verbose afterAdd C:\Users\joji\AppData\Roaming\npm-cache\debug\2.2.0\package\package.json not in flight; writing
245 verbose afterAdd C:\Users\joji\AppData\Roaming\npm-cache\debug\2.2.0\package\package.json written
246 silly cache afterAdd serve-favicon@2.3.0
247 verbose afterAdd C:\Users\joji\AppData\Roaming\npm-cache\serve-favicon\2.3.0\package\package.json not in flight; writing
248 verbose afterAdd C:\Users\joji\AppData\Roaming\npm-cache\serve-favicon\2.3.0\package\package.json written
249 http 304 https://registry.npmjs.org/morgan
250 verbose headers { date: 'Sun, 25 Oct 2015 23:41:26 GMT',
250 verbose headers   via: '1.1 varnish',
250 verbose headers   'cache-control': 'max-age=60',
250 verbose headers   etag: '"4XUYK78AX6OPW2P3IXCSVOVFR"',
250 verbose headers   age: '0',
250 verbose headers   connection: 'keep-alive',
250 verbose headers   'x-served-by': 'cache-lax1421-LAX',
250 verbose headers   'x-cache': 'HIT',
250 verbose headers   'x-cache-hits': '1',
250 verbose headers   'x-timer': 'S1445816486.675434,VS0,VE184',
250 verbose headers   vary: 'Accept' }
251 silly get cb [ 304,
251 silly get   { date: 'Sun, 25 Oct 2015 23:41:26 GMT',
251 silly get     via: '1.1 varnish',
251 silly get     'cache-control': 'max-age=60',
251 silly get     etag: '"4XUYK78AX6OPW2P3IXCSVOVFR"',
251 silly get     age: '0',
251 silly get     connection: 'keep-alive',
251 silly get     'x-served-by': 'cache-lax1421-LAX',
251 silly get     'x-cache': 'HIT',
251 silly get     'x-cache-hits': '1',
251 silly get     'x-timer': 'S1445816486.675434,VS0,VE184',
251 silly get     vary: 'Accept' } ]
252 verbose etag https://registry.npmjs.org/morgan from cache
253 verbose get saving morgan to C:\Users\joji\AppData\Roaming\npm-cache\registry.npmjs.org\morgan\.cache.json
254 silly addNameRange number 2 { name: 'morgan', range: '>=1.6.1 <1.7.0', hasData: true }
255 silly addNameRange versions [ 'morgan',
255 silly addNameRange   [ '1.0.0',
255 silly addNameRange     '1.0.1',
255 silly addNameRange     '1.1.0',
255 silly addNameRange     '1.1.1',
255 silly addNameRange     '1.2.0',
255 silly addNameRange     '1.2.1',
255 silly addNameRange     '1.2.2',
255 silly addNameRange     '1.2.3',
255 silly addNameRange     '1.3.0',
255 silly addNameRange     '1.3.1',
255 silly addNameRange     '1.3.2',
255 silly addNameRange     '1.4.0',
255 silly addNameRange     '1.4.1',
255 silly addNameRange     '1.5.0',
255 silly addNameRange     '1.5.1',
255 silly addNameRange     '1.5.2',
255 silly addNameRange     '1.5.3',
255 silly addNameRange     '1.6.0',
255 silly addNameRange     '1.6.1' ] ]
256 silly addNamed morgan@1.6.1
257 verbose addNamed "1.6.1" is a plain semver version for morgan
258 silly cache afterAdd morgan@1.6.1
259 verbose afterAdd C:\Users\joji\AppData\Roaming\npm-cache\morgan\1.6.1\package\package.json not in flight; writing
260 verbose afterAdd C:\Users\joji\AppData\Roaming\npm-cache\morgan\1.6.1\package\package.json written
261 verbose stack Error: No compatible version found: mongodb@'>=3.0.7 <4.0.0'
261 verbose stack Valid install targets:
261 verbose stack ["0.9.4","0.9.4-4","0.9.3","0.9.1","0.9.2","0.9.6-7","0.9.6-8","0.9.6-9","0.9.6-10","0.9.6-11","0.9.6-12","0.9.6-13","0.9.6-14","0.9.6-15","0.9.6-16","0.9.6-17","0.9.6-18","0.9.6-19","0.9.6-20","0.9.6-21","0.9.6-22","0.9.6-23","0.9.7","0.9.7-0","0.9.7-1","0.9.7-1.1","0.9.7-1.2","0.9.7-1.3","0.9.7-1.4","0.9.7-2","0.9.7-2-1","0.9.7-2-2","0.9.7-2-3","0.9.7-2-4","0.9.7-2-5","0.9.7-3","0.9.7-3-1","0.9.7-3-2","0.9.7-3-3","0.9.7-3-4","0.9.7-3-5","0.9.8","0.9.8-1","0.9.8-2","0.9.8-3","0.9.8-4","0.9.8-5","0.9.8-6","0.9.8-7","0.9.9","0.9.9-1","0.9.9-2","0.9.9-3","0.9.9-4","0.9.9-5","0.9.9-6","0.9.9-7","0.9.9-8","1.0.0","1.0.1","1.0.2","1.1.0-beta","1.1.0","1.1.1","1.1.2","1.1.3","1.1.4","1.1.5","1.1.6","1.1.7","1.1.8","1.1.9","1.1.10","1.1.11","1.2.0","1.2.1","1.2.2","1.2.3","1.2.4","1.2.5","1.2.6","1.2.7","1.2.8","1.2.9","1.2.10","1.2.11","1.2.12","1.2.13","1.2.14","1.3.0","1.3.1","1.3.2","1.3.3","1.3.4","1.3.5","1.3.6","1.3.7","1.3.8","1.3.9","1.3.10","1.3.11","1.3.12","1.3.14","1.3.15","1.3.17","1.3.18","1.3.19","1.4.0-rc2","1.3.20","1.4.0-rc3","1.3.21","1.3.22","1.3.23","1.4.0-rc4","1.4.0-rc5","1.4.0-rc6","1.4.0-rc7","1.4.0-rc8","1.4.0-rc9","1.4.0-rc10","1.4.0","1.4.1","1.4.2","1.4.3","1.4.4","1.4.5","1.4.6","1.4.7","1.4.8","1.4.9","1.4.10","2.0.0-alpha1","1.4.11","1.4.12","1.4.14","1.4.15","1.4.16","1.4.17","2.0.0-alpha2","1.4.18","2.0.0","2.0.1","2.0.2","1.4.19","2.0.3","2.0.4","2.0.5","2.0.6","1.4.20","1.4.22","2.0.7","2.0.8","2.0.9","1.4.23","2.0.10","1.4.24","2.0.11","1.4.25","2.0.12","1.4.26","1.4.27","1.4.28","2.0.13","2.0.14","1.4.29","2.0.15","1.4.30","2.0.16","1.4.31","2.0.17","1.4.32","2.0.18","2.0.19","1.4.33","2.0.20","2.0.21","1.4.34","2.0.22","2.0.23","1.4.35","2.0.24","2.0.25","2.0.26","2.0.27","2.0.28","2.0.29","1.4.36","2.0.30","1.4.37","2.0.31","1.4.38","2.0.32","2.0.33","2.1.0-alpha","2.0.34","2.0.35","2.0.36","2.0.37","2.0.38","2.0.39","1.4.39","2.0.40","2.0.41","2.0.42","2.0.43","2.0.44","2.0.45","2.0.46"]
261 verbose stack
261 verbose stack     at installTargetsError (c:\Program Files\nodejs\node_modules\npm\lib\cache\add-named.js:284:12)
261 verbose stack     at next (c:\Program Files\nodejs\node_modules\npm\lib\cache\add-named.js:262:19)
261 verbose stack     at setData (c:\Program Files\nodejs\node_modules\npm\lib\cache\add-named.js:236:5)
261 verbose stack     at RES (c:\Program Files\nodejs\node_modules\npm\node_modules\inflight\inflight.js:23:14)
261 verbose stack     at f (c:\Program Files\nodejs\node_modules\npm\node_modules\once\once.js:17:25)
261 verbose stack     at fixName (c:\Program Files\nodejs\node_modules\npm\lib\cache\add-named.js:29:5)
261 verbose stack     at saved (c:\Program Files\nodejs\node_modules\npm\lib\cache\caching-client.js:173:7)
261 verbose stack     at c:\Program Files\nodejs\node_modules\npm\node_modules\graceful-fs\polyfills.js:210:7
261 verbose stack     at FSReqWrap.oncomplete (fs.js:82:15)
262 verbose cwd c:\Users\joji\Desktop\discover
263 error Windows_NT 10.0.10240
264 error argv "c:\\Program Files\\nodejs\\node.exe" "c:\\Program Files\\nodejs\\node_modules\\npm\\bin\\npm-cli.js" "install" "--quiet" "--production"
265 error node v4.2.1
266 error npm  v2.14.7
267 error code ETARGET
268 error notarget No compatible version found: mongodb@'>=3.0.7 <4.0.0'
268 error notarget Valid install targets:
268 error notarget ["0.9.4","0.9.4-4","0.9.3","0.9.1","0.9.2","0.9.6-7","0.9.6-8","0.9.6-9","0.9.6-10","0.9.6-11","0.9.6-12","0.9.6-13","0.9.6-14","0.9.6-15","0.9.6-16","0.9.6-17","0.9.6-18","0.9.6-19","0.9.6-20","0.9.6-21","0.9.6-22","0.9.6-23","0.9.7","0.9.7-0","0.9.7-1","0.9.7-1.1","0.9.7-1.2","0.9.7-1.3","0.9.7-1.4","0.9.7-2","0.9.7-2-1","0.9.7-2-2","0.9.7-2-3","0.9.7-2-4","0.9.7-2-5","0.9.7-3","0.9.7-3-1","0.9.7-3-2","0.9.7-3-3","0.9.7-3-4","0.9.7-3-5","0.9.8","0.9.8-1","0.9.8-2","0.9.8-3","0.9.8-4","0.9.8-5","0.9.8-6","0.9.8-7","0.9.9","0.9.9-1","0.9.9-2","0.9.9-3","0.9.9-4","0.9.9-5","0.9.9-6","0.9.9-7","0.9.9-8","1.0.0","1.0.1","1.0.2","1.1.0-beta","1.1.0","1.1.1","1.1.2","1.1.3","1.1.4","1.1.5","1.1.6","1.1.7","1.1.8","1.1.9","1.1.10","1.1.11","1.2.0","1.2.1","1.2.2","1.2.3","1.2.4","1.2.5","1.2.6","1.2.7","1.2.8","1.2.9","1.2.10","1.2.11","1.2.12","1.2.13","1.2.14","1.3.0","1.3.1","1.3.2","1.3.3","1.3.4","1.3.5","1.3.6","1.3.7","1.3.8","1.3.9","1.3.10","1.3.11","1.3.12","1.3.14","1.3.15","1.3.17","1.3.18","1.3.19","1.4.0-rc2","1.3.20","1.4.0-rc3","1.3.21","1.3.22","1.3.23","1.4.0-rc4","1.4.0-rc5","1.4.0-rc6","1.4.0-rc7","1.4.0-rc8","1.4.0-rc9","1.4.0-rc10","1.4.0","1.4.1","1.4.2","1.4.3","1.4.4","1.4.5","1.4.6","1.4.7","1.4.8","1.4.9","1.4.10","2.0.0-alpha1","1.4.11","1.4.12","1.4.14","1.4.15","1.4.16","1.4.17","2.0.0-alpha2","1.4.18","2.0.0","2.0.1","2.0.2","1.4.19","2.0.3","2.0.4","2.0.5","2.0.6","1.4.20","1.4.22","2.0.7","2.0.8","2.0.9","1.4.23","2.0.10","1.4.24","2.0.11","1.4.25","2.0.12","1.4.26","1.4.27","1.4.28","2.0.13","2.0.14","1.4.29","2.0.15","1.4.30","2.0.16","1.4.31","2.0.17","1.4.32","2.0.18","2.0.19","1.4.33","2.0.20","2.0.21","1.4.34","2.0.22","2.0.23","1.4.35","2.0.24","2.0.25","2.0.26","2.0.27","2.0.28","2.0.29","1.4.36","2.0.30","1.4.37","2.0.31","1.4.38","2.0.32","2.0.33","2.1.0-alpha","2.0.34","2.0.35","2.0.36","2.0.37","2.0.38","2.0.39","1.4.39","2.0.40","2.0.41","2.0.42","2.0.43","2.0.44","2.0.45","2.0.46"]
268 error notarget
268 error notarget This is most likely not a problem with npm itself.
268 error notarget In most cases you or one of your dependencies are requesting
268 error notarget a package version that doesn't exist.
268 error notarget
268 error notarget It was specified as a dependency of 'chat'
269 verbose exit [ 1, true ]
